C:\Users\Yemets\source\repos\ReactiveSearch\ReactiveSearch\client\dist\out-tsc\e2e\src\app.po.js
C:\Users\Yemets\source\repos\ReactiveSearch\ReactiveSearch\client\dist\out-tsc\e2e\src\app.po.js.map
C:\Users\Yemets\source\repos\ReactiveSearch\ReactiveSearch\client\dist\out-tsc\e2e\src\app.e2e-spec.js
C:\Users\Yemets\source\repos\ReactiveSearch\ReactiveSearch\client\dist\out-tsc\e2e\src\app.e2e-spec.js.map
C:\Users\Yemets\source\repos\ReactiveSearch\ReactiveSearch\client\dist\out-tsc\src\app\home\home.component.js
C:\Users\Yemets\source\repos\ReactiveSearch\ReactiveSearch\client\dist\out-tsc\src\app\home\home.component.js.map
C:\Users\Yemets\source\repos\ReactiveSearch\ReactiveSearch\client\dist\out-tsc\src\app\result\result.component.js
C:\Users\Yemets\source\repos\ReactiveSearch\ReactiveSearch\client\dist\out-tsc\src\app\result\result.component.js.map
C:\Users\Yemets\source\repos\ReactiveSearch\ReactiveSearch\client\dist\out-tsc\src\app\app-routing.module.js
C:\Users\Yemets\source\repos\ReactiveSearch\ReactiveSearch\client\dist\out-tsc\src\app\app-routing.module.js.map
C:\Users\Yemets\source\repos\ReactiveSearch\ReactiveSearch\client\dist\out-tsc\src\app\app.component.js
C:\Users\Yemets\source\repos\ReactiveSearch\ReactiveSearch\client\dist\out-tsc\src\app\app.component.js.map
C:\Users\Yemets\source\repos\ReactiveSearch\ReactiveSearch\client\dist\out-tsc\src\app\nav\nav.component.js
C:\Users\Yemets\source\repos\ReactiveSearch\ReactiveSearch\client\dist\out-tsc\src\app\nav\nav.component.js.map
C:\Users\Yemets\source\repos\ReactiveSearch\ReactiveSearch\client\dist\out-tsc\src\app\app.module.js
C:\Users\Yemets\source\repos\ReactiveSearch\ReactiveSearch\client\dist\out-tsc\src\app\app.module.js.map
C:\Users\Yemets\source\repos\ReactiveSearch\ReactiveSearch\client\dist\out-tsc\src\environments\environment.js
C:\Users\Yemets\source\repos\ReactiveSearch\ReactiveSearch\client\dist\out-tsc\src\environments\environment.js.map
C:\Users\Yemets\source\repos\ReactiveSearch\ReactiveSearch\client\dist\out-tsc\src\main.js
C:\Users\Yemets\source\repos\ReactiveSearch\ReactiveSearch\client\dist\out-tsc\src\main.js.map
C:\Users\Yemets\source\repos\ReactiveSearch\ReactiveSearch\client\dist\out-tsc\src\polyfills.js
C:\Users\Yemets\source\repos\ReactiveSearch\ReactiveSearch\client\dist\out-tsc\src\polyfills.js.map
C:\Users\Yemets\source\repos\ReactiveSearch\ReactiveSearch\client\dist\out-tsc\src\test.js
C:\Users\Yemets\source\repos\ReactiveSearch\ReactiveSearch\client\dist\out-tsc\src\test.js.map
C:\Users\Yemets\source\repos\ReactiveSearch\ReactiveSearch\client\dist\out-tsc\src\app\app.component.spec.js
C:\Users\Yemets\source\repos\ReactiveSearch\ReactiveSearch\client\dist\out-tsc\src\app\app.component.spec.js.map
C:\Users\Yemets\source\repos\ReactiveSearch\ReactiveSearch\client\dist\out-tsc\src\environments\environment.prod.js
C:\Users\Yemets\source\repos\ReactiveSearch\ReactiveSearch\client\dist\out-tsc\src\environments\environment.prod.js.map
